[2021-09-27 14:44:53,683] {taskinstance.py:903} INFO - Dependencies all met for <TaskInstance: my_dag.say_hello 2021-09-27T14:44:42.937728+00:00 [queued]>
[2021-09-27 14:44:53,746] {taskinstance.py:903} INFO - Dependencies all met for <TaskInstance: my_dag.say_hello 2021-09-27T14:44:42.937728+00:00 [queued]>
[2021-09-27 14:44:53,759] {taskinstance.py:1095} INFO - 
--------------------------------------------------------------------------------
[2021-09-27 14:44:53,761] {taskinstance.py:1096} INFO - Starting attempt 1 of 1
[2021-09-27 14:44:53,765] {taskinstance.py:1097} INFO - 
--------------------------------------------------------------------------------
[2021-09-27 14:44:53,793] {taskinstance.py:1115} INFO - Executing <Task(PythonOperator): say_hello> on 2021-09-27T14:44:42.937728+00:00
[2021-09-27 14:44:53,813] {standard_task_runner.py:52} INFO - Started process 9681 to run task
[2021-09-27 14:44:53,870] {standard_task_runner.py:76} INFO - Running: ['***', 'tasks', 'run', 'my_dag', 'say_hello', '2021-09-27T14:44:42.937728+00:00', '--job-id', '5', '--pool', 'default_pool', '--raw', '--subdir', 'DAGS_FOLDER/my_dag.py', '--cfg-path', '/tmp/tmpf9xmt_fh', '--error-file', '/tmp/tmpi7dyqecv']
[2021-09-27 14:44:53,888] {standard_task_runner.py:77} INFO - Job 5: Subtask say_hello
[2021-09-27 14:44:54,368] {logging_mixin.py:109} INFO - Running <TaskInstance: my_dag.say_hello 2021-09-27T14:44:42.937728+00:00 [running]> on host 4e8a4ded565b
[2021-09-27 14:44:54,491] {taskinstance.py:1254} INFO - Exporting the following env vars:
AIRFLOW_CTX_DAG_OWNER=Nadanai
AIRFLOW_CTX_DAG_ID=my_dag
AIRFLOW_CTX_TASK_ID=say_hello
AIRFLOW_CTX_EXECUTION_DATE=2021-09-27T14:44:42.937728+00:00
AIRFLOW_CTX_DAG_RUN_ID=manual__2021-09-27T14:44:42.937728+00:00
[2021-09-27 14:44:54,495] {my_dag.py:10} INFO - Hello, SAKSIAM!!
[2021-09-27 14:44:54,500] {python.py:151} INFO - Done. Returned value was: None
[2021-09-27 14:44:54,514] {taskinstance.py:1219} INFO - Marking task as SUCCESS. dag_id=my_dag, task_id=say_hello, execution_date=20210927T144442, start_date=20210927T144453, end_date=20210927T144454
[2021-09-27 14:44:54,587] {local_task_job.py:151} INFO - Task exited with return code 0
[2021-09-27 14:44:54,642] {local_task_job.py:261} INFO - 1 downstream tasks scheduled from follow-on schedule check
