[2021-09-27 14:40:03,707] {taskinstance.py:903} INFO - Dependencies all met for <TaskInstance: my_dag.echo_hello 2021-09-27T14:30:00+00:00 [queued]>
[2021-09-27 14:40:03,736] {taskinstance.py:903} INFO - Dependencies all met for <TaskInstance: my_dag.echo_hello 2021-09-27T14:30:00+00:00 [queued]>
[2021-09-27 14:40:03,742] {taskinstance.py:1095} INFO - 
--------------------------------------------------------------------------------
[2021-09-27 14:40:03,744] {taskinstance.py:1096} INFO - Starting attempt 1 of 1
[2021-09-27 14:40:03,746] {taskinstance.py:1097} INFO - 
--------------------------------------------------------------------------------
[2021-09-27 14:40:03,791] {taskinstance.py:1115} INFO - Executing <Task(BashOperator): echo_hello> on 2021-09-27T14:30:00+00:00
[2021-09-27 14:40:03,805] {standard_task_runner.py:52} INFO - Started process 8015 to run task
[2021-09-27 14:40:03,827] {standard_task_runner.py:76} INFO - Running: ['***', 'tasks', 'run', 'my_dag', 'echo_hello', '2021-09-27T14:30:00+00:00', '--job-id', '3', '--pool', 'default_pool', '--raw', '--subdir', 'DAGS_FOLDER/my_dag.py', '--cfg-path', '/tmp/tmp7e0hopla', '--error-file', '/tmp/tmpm00xuxb2']
[2021-09-27 14:40:03,837] {standard_task_runner.py:77} INFO - Job 3: Subtask echo_hello
[2021-09-27 14:40:03,985] {logging_mixin.py:109} INFO - Running <TaskInstance: my_dag.echo_hello 2021-09-27T14:30:00+00:00 [running]> on host 4e8a4ded565b
[2021-09-27 14:40:04,154] {taskinstance.py:1254} INFO - Exporting the following env vars:
AIRFLOW_CTX_DAG_OWNER=Nadanai
AIRFLOW_CTX_DAG_ID=my_dag
AIRFLOW_CTX_TASK_ID=echo_hello
AIRFLOW_CTX_EXECUTION_DATE=2021-09-27T14:30:00+00:00
AIRFLOW_CTX_DAG_RUN_ID=scheduled__2021-09-27T14:30:00+00:00
[2021-09-27 14:40:04,165] {subprocess.py:52} INFO - Tmp dir root location: 
 /tmp
[2021-09-27 14:40:04,169] {subprocess.py:63} INFO - Running command: ['bash', '-c', "echo 'hello'"]
[2021-09-27 14:40:04,213] {subprocess.py:74} INFO - Output:
[2021-09-27 14:40:04,246] {subprocess.py:78} INFO - hello
[2021-09-27 14:40:04,250] {subprocess.py:82} INFO - Command exited with return code 0
[2021-09-27 14:40:04,355] {taskinstance.py:1219} INFO - Marking task as SUCCESS. dag_id=my_dag, task_id=echo_hello, execution_date=20210927T143000, start_date=20210927T144003, end_date=20210927T144004
[2021-09-27 14:40:04,494] {local_task_job.py:151} INFO - Task exited with return code 0
[2021-09-27 14:40:04,578] {local_task_job.py:261} INFO - 0 downstream tasks scheduled from follow-on schedule check
