[2021-09-27 14:44:47,988] {taskinstance.py:903} INFO - Dependencies all met for <TaskInstance: my_dag.echo_hello 2021-09-27T14:44:42.937728+00:00 [queued]>
[2021-09-27 14:44:48,047] {taskinstance.py:903} INFO - Dependencies all met for <TaskInstance: my_dag.echo_hello 2021-09-27T14:44:42.937728+00:00 [queued]>
[2021-09-27 14:44:48,050] {taskinstance.py:1095} INFO - 
--------------------------------------------------------------------------------
[2021-09-27 14:44:48,052] {taskinstance.py:1096} INFO - Starting attempt 1 of 1
[2021-09-27 14:44:48,053] {taskinstance.py:1097} INFO - 
--------------------------------------------------------------------------------
[2021-09-27 14:44:48,087] {taskinstance.py:1115} INFO - Executing <Task(BashOperator): echo_hello> on 2021-09-27T14:44:42.937728+00:00
[2021-09-27 14:44:48,099] {standard_task_runner.py:52} INFO - Started process 9648 to run task
[2021-09-27 14:44:48,134] {standard_task_runner.py:76} INFO - Running: ['***', 'tasks', 'run', 'my_dag', 'echo_hello', '2021-09-27T14:44:42.937728+00:00', '--job-id', '4', '--pool', 'default_pool', '--raw', '--subdir', 'DAGS_FOLDER/my_dag.py', '--cfg-path', '/tmp/tmp356_1kdj', '--error-file', '/tmp/tmp1vrwnu3q']
[2021-09-27 14:44:48,159] {standard_task_runner.py:77} INFO - Job 4: Subtask echo_hello
[2021-09-27 14:44:48,348] {logging_mixin.py:109} INFO - Running <TaskInstance: my_dag.echo_hello 2021-09-27T14:44:42.937728+00:00 [running]> on host 4e8a4ded565b
[2021-09-27 14:44:48,477] {taskinstance.py:1254} INFO - Exporting the following env vars:
AIRFLOW_CTX_DAG_OWNER=Nadanai
AIRFLOW_CTX_DAG_ID=my_dag
AIRFLOW_CTX_TASK_ID=echo_hello
AIRFLOW_CTX_EXECUTION_DATE=2021-09-27T14:44:42.937728+00:00
AIRFLOW_CTX_DAG_RUN_ID=manual__2021-09-27T14:44:42.937728+00:00
[2021-09-27 14:44:48,484] {subprocess.py:52} INFO - Tmp dir root location: 
 /tmp
[2021-09-27 14:44:48,487] {subprocess.py:63} INFO - Running command: ['bash', '-c', "echo 'hello'"]
[2021-09-27 14:44:48,504] {subprocess.py:74} INFO - Output:
[2021-09-27 14:44:48,510] {subprocess.py:78} INFO - hello
[2021-09-27 14:44:48,513] {subprocess.py:82} INFO - Command exited with return code 0
[2021-09-27 14:44:48,612] {taskinstance.py:1219} INFO - Marking task as SUCCESS. dag_id=my_dag, task_id=echo_hello, execution_date=20210927T144442, start_date=20210927T144448, end_date=20210927T144448
[2021-09-27 14:44:48,844] {local_task_job.py:151} INFO - Task exited with return code 0
[2021-09-27 14:44:48,905] {local_task_job.py:261} INFO - 1 downstream tasks scheduled from follow-on schedule check
