[2021-09-27 14:37:00,533] {taskinstance.py:903} INFO - Dependencies all met for <TaskInstance: my_dag.echo_hello 2021-09-27T14:36:49.383550+00:00 [queued]>
[2021-09-27 14:37:00,818] {taskinstance.py:903} INFO - Dependencies all met for <TaskInstance: my_dag.echo_hello 2021-09-27T14:36:49.383550+00:00 [queued]>
[2021-09-27 14:37:00,838] {taskinstance.py:1095} INFO - 
--------------------------------------------------------------------------------
[2021-09-27 14:37:00,853] {taskinstance.py:1096} INFO - Starting attempt 1 of 1
[2021-09-27 14:37:00,855] {taskinstance.py:1097} INFO - 
--------------------------------------------------------------------------------
[2021-09-27 14:37:01,002] {taskinstance.py:1115} INFO - Executing <Task(BashOperator): echo_hello> on 2021-09-27T14:36:49.383550+00:00
[2021-09-27 14:37:01,036] {standard_task_runner.py:52} INFO - Started process 6968 to run task
[2021-09-27 14:37:01,319] {standard_task_runner.py:76} INFO - Running: ['***', 'tasks', 'run', 'my_dag', 'echo_hello', '2021-09-27T14:36:49.383550+00:00', '--job-id', '2', '--pool', 'default_pool', '--raw', '--subdir', 'DAGS_FOLDER/my_dag.py', '--cfg-path', '/tmp/tmpeaepdvvb', '--error-file', '/tmp/tmp9bygeg86']
[2021-09-27 14:37:01,355] {standard_task_runner.py:77} INFO - Job 2: Subtask echo_hello
[2021-09-27 14:37:01,762] {logging_mixin.py:109} INFO - Running <TaskInstance: my_dag.echo_hello 2021-09-27T14:36:49.383550+00:00 [running]> on host 4e8a4ded565b
[2021-09-27 14:37:02,589] {taskinstance.py:1254} INFO - Exporting the following env vars:
AIRFLOW_CTX_DAG_OWNER=Nadanai
AIRFLOW_CTX_DAG_ID=my_dag
AIRFLOW_CTX_TASK_ID=echo_hello
AIRFLOW_CTX_EXECUTION_DATE=2021-09-27T14:36:49.383550+00:00
AIRFLOW_CTX_DAG_RUN_ID=manual__2021-09-27T14:36:49.383550+00:00
[2021-09-27 14:37:02,594] {subprocess.py:52} INFO - Tmp dir root location: 
 /tmp
[2021-09-27 14:37:02,617] {subprocess.py:63} INFO - Running command: ['bash', '-c', "echo 'hello'"]
[2021-09-27 14:37:02,904] {subprocess.py:74} INFO - Output:
[2021-09-27 14:37:03,008] {subprocess.py:78} INFO - hello
[2021-09-27 14:37:03,030] {subprocess.py:82} INFO - Command exited with return code 0
[2021-09-27 14:37:03,677] {taskinstance.py:1219} INFO - Marking task as SUCCESS. dag_id=my_dag, task_id=echo_hello, execution_date=20210927T143649, start_date=20210927T143700, end_date=20210927T143703
[2021-09-27 14:37:04,089] {local_task_job.py:151} INFO - Task exited with return code 0
[2021-09-27 14:37:04,480] {local_task_job.py:261} INFO - 1 downstream tasks scheduled from follow-on schedule check
