[2021-09-27 15:00:02,868] {taskinstance.py:903} INFO - Dependencies all met for <TaskInstance: my_dag.echo_hello 2021-09-27T14:50:00+00:00 [queued]>
[2021-09-27 15:00:02,905] {taskinstance.py:903} INFO - Dependencies all met for <TaskInstance: my_dag.echo_hello 2021-09-27T14:50:00+00:00 [queued]>
[2021-09-27 15:00:02,906] {taskinstance.py:1095} INFO - 
--------------------------------------------------------------------------------
[2021-09-27 15:00:02,909] {taskinstance.py:1096} INFO - Starting attempt 1 of 1
[2021-09-27 15:00:02,910] {taskinstance.py:1097} INFO - 
--------------------------------------------------------------------------------
[2021-09-27 15:00:02,941] {taskinstance.py:1115} INFO - Executing <Task(BashOperator): echo_hello> on 2021-09-27T14:50:00+00:00
[2021-09-27 15:00:02,957] {standard_task_runner.py:52} INFO - Started process 14899 to run task
[2021-09-27 15:00:02,980] {standard_task_runner.py:76} INFO - Running: ['***', 'tasks', 'run', 'my_dag', 'echo_hello', '2021-09-27T14:50:00+00:00', '--job-id', '8', '--pool', 'default_pool', '--raw', '--subdir', 'DAGS_FOLDER/my_dag.py', '--cfg-path', '/tmp/tmpa4n6r3_x', '--error-file', '/tmp/tmpenhi249c']
[2021-09-27 15:00:02,987] {standard_task_runner.py:77} INFO - Job 8: Subtask echo_hello
[2021-09-27 15:00:03,108] {logging_mixin.py:109} INFO - Running <TaskInstance: my_dag.echo_hello 2021-09-27T14:50:00+00:00 [running]> on host 4e8a4ded565b
[2021-09-27 15:00:03,799] {taskinstance.py:1254} INFO - Exporting the following env vars:
AIRFLOW_CTX_DAG_OWNER=Nadanai
AIRFLOW_CTX_DAG_ID=my_dag
AIRFLOW_CTX_TASK_ID=echo_hello
AIRFLOW_CTX_EXECUTION_DATE=2021-09-27T14:50:00+00:00
AIRFLOW_CTX_DAG_RUN_ID=scheduled__2021-09-27T14:50:00+00:00
[2021-09-27 15:00:03,917] {subprocess.py:52} INFO - Tmp dir root location: 
 /tmp
[2021-09-27 15:00:03,931] {subprocess.py:63} INFO - Running command: ['bash', '-c', "echo 'hello'"]
[2021-09-27 15:00:04,063] {subprocess.py:74} INFO - Output:
[2021-09-27 15:00:04,071] {subprocess.py:78} INFO - hello
[2021-09-27 15:00:04,087] {subprocess.py:82} INFO - Command exited with return code 0
[2021-09-27 15:00:04,466] {taskinstance.py:1219} INFO - Marking task as SUCCESS. dag_id=my_dag, task_id=echo_hello, execution_date=20210927T145000, start_date=20210927T150002, end_date=20210927T150004
[2021-09-27 15:00:04,652] {local_task_job.py:151} INFO - Task exited with return code 0
[2021-09-27 15:00:05,224] {local_task_job.py:261} INFO - 0 downstream tasks scheduled from follow-on schedule check
